<?xml version="1.0" encoding="UTF-8"?>
<!-- Generated by org.testng.reporters.JUnitReportReporter -->
<testsuite hostname="swuni-QA-24" name="Test" tests="3" failures="0" timestamp="1 Mar 2017 04:35:47 GMT" time="0.009" errors="0">
  <testcase name="creatUser" time="0.006" classname="Test"/>
  <testcase name="editUser" time="0.001" classname="Test"/>
  <testcase name="deleteUser" time="0.002" classname="Test"/>
</testsuite> <!-- Test -->
